{"level":"info","ts":"2022-06-16T10:14:58.775+0500","caller":"cmd/main.go:331","msg":"Starting server..."}
{"level":"info","ts":"2022-06-16T11:50:04.391+0500","caller":"cmd/main.go:356","msg":"Starting server..."}
2022-06-16T12:10:56.764+0500	info	cmd/main.go:356	Starting server...
main.main
	E:/GolangProjects/TechnicalTest_RESTAPI/cmd/main.go:356
runtime.main
	C:/Go/src/runtime/proc.go:250
2022-06-16T12:13:19.132+0500	info	cmd/main.go:356	Starting server...
main.main
	E:/GolangProjects/TechnicalTest_RESTAPI/cmd/main.go:356
runtime.main
	C:/Go/src/runtime/proc.go:250
{"level":"info","ts":"2022-06-16T12:19:44.815+0500","caller":"cmd/main.go:359","msg":"Starting server...","stacktrace":"main.main\n\tE:/GolangProjects/TechnicalTest_RESTAPI/cmd/main.go:359\nruntime.main\n\tC:/Go/src/runtime/proc.go:250"}
{"level":"info","ts":"2022-06-16T12:23:32.972+0500","caller":"cmd/main.go:358","msg":"Starting server...","stacktrace":"main.main\n\tE:/GolangProjects/TechnicalTest_RESTAPI/cmd/main.go:358\nruntime.main\n\tC:/Go/src/runtime/proc.go:250"}
{"level":"info","ts":"2022-06-16T12:26:22.941+0500","caller":"cmd/main.go:358","msg":"Starting server...","stacktrace":"main.main\n\tE:/GolangProjects/TechnicalTest_RESTAPI/cmd/main.go:358\nruntime.main\n\tC:/Go/src/runtime/proc.go:250"}
{"level":"info","ts":"2022-06-16T12:27:51.890+0500","caller":"cmd/main.go:358","msg":"Starting server...","stacktrace":"main.main\n\tE:/GolangProjects/TechnicalTest_RESTAPI/cmd/main.go:358\nruntime.main\n\tC:/Go/src/runtime/proc.go:250"}
{"level":"info","ts":"2022-06-16T12:28:17.763+0500","caller":"cmd/main.go:358","msg":"Starting server...","stacktrace":"main.main\n\tE:/GolangProjects/TechnicalTest_RESTAPI/cmd/main.go:358\nruntime.main\n\tC:/Go/src/runtime/proc.go:250"}
{"level":"info","ts":"2022-06-16T12:30:06.215+0500","caller":"cmd/main.go:358","msg":"Starting server...","stacktrace":"main.main\n\tE:/GolangProjects/TechnicalTest_RESTAPI/cmd/main.go:358\nruntime.main\n\tC:/Go/src/runtime/proc.go:250"}
{"level":"info","ts":"2022-06-16T12:47:24.051+0500","caller":"cmd/main.go:376","msg":"Starting server...","stacktrace":"main.main\n\tE:/GolangProjects/TechnicalTest_RESTAPI/cmd/main.go:376\nruntime.main\n\tC:/Go/src/runtime/proc.go:250"}
{"level":"info","ts":"2022-06-18T17:30:14.951+0500","caller":"TechnicalTest_RESTAPI/main.go:376","msg":"Starting server...","stacktrace":"main.main\n\tE:/GolangProjects/TechnicalTest_RESTAPI/main.go:376\nruntime.main\n\tC:/Go/src/runtime/proc.go:250"}
{"level":"fatal","ts":"2022-06-18T17:30:14.967+0500","caller":"TechnicalTest_RESTAPI/main.go:378","msg":"Не удалось запустить сервер по порту 4050","stacktrace":"main.main\n\tE:/GolangProjects/TechnicalTest_RESTAPI/main.go:378\nruntime.main\n\tC:/Go/src/runtime/proc.go:250"}
{"level":"info","ts":"2022-06-18T17:30:36.264+0500","caller":"TechnicalTest_RESTAPI/main.go:376","msg":"Starting server...","stacktrace":"main.main\n\tE:/GolangProjects/TechnicalTest_RESTAPI/main.go:376\nruntime.main\n\tC:/Go/src/runtime/proc.go:250"}
{"level":"info","ts":"2022-06-18T17:33:30.682+0500","caller":"TechnicalTest_RESTAPI/main.go:376","msg":"Starting server...","stacktrace":"main.main\n\tE:/GolangProjects/TechnicalTest_RESTAPI/main.go:376\nruntime.main\n\tC:/Go/src/runtime/proc.go:250"}
{"level":"info","ts":"2022-06-18T17:42:01.433+0500","caller":"TechnicalTest_RESTAPI/main.go:376","msg":"Starting server...","stacktrace":"main.main\n\tE:/GolangProjects/TechnicalTest_RESTAPI/main.go:376\nruntime.main\n\tC:/Go/src/runtime/proc.go:250"}
{"level":"info","ts":"2022-06-19T16:59:37.447+0500","caller":"TechnicalTest_RESTAPI/main.go:376","msg":"Starting server...","stacktrace":"main.main\n\tE:/GolangProjects/TechnicalTest_RESTAPI/main.go:376\nruntime.main\n\tC:/Go/src/runtime/proc.go:250"}
{"level":"info","ts":"2022-06-19T17:03:32.908+0500","caller":"TechnicalTest_RESTAPI/main.go:376","msg":"Starting server...","stacktrace":"main.main\n\tE:/GolangProjects/TechnicalTest_RESTAPI/main.go:376\nruntime.main\n\tC:/Go/src/runtime/proc.go:250"}
{"level":"info","ts":"2022-06-19T21:29:40.830+0500","caller":"TechnicalTest_RESTAPI/main.go:376","msg":"Starting server...","stacktrace":"main.main\n\tE:/GolangProjects/TechnicalTest_RESTAPI/main.go:376\nruntime.main\n\tC:/Go/src/runtime/proc.go:250"}
{"level":"info","ts":"2022-06-19T21:30:42.661+0500","caller":"TechnicalTest_RESTAPI/main.go:376","msg":"Starting server...","stacktrace":"main.main\n\tE:/GolangProjects/TechnicalTest_RESTAPI/main.go:376\nruntime.main\n\tC:/Go/src/runtime/proc.go:250"}
{"level":"info","ts":"2022-06-19T21:31:23.212+0500","caller":"TechnicalTest_RESTAPI/main.go:376","msg":"Starting server...","stacktrace":"main.main\n\tE:/GolangProjects/TechnicalTest_RESTAPI/main.go:376\nruntime.main\n\tC:/Go/src/runtime/proc.go:250"}
{"level":"info","ts":"2022-07-18T16:34:36.805+0500","caller":"TechnicalTest_RESTAPI/main.go:376","msg":"Успешное подключение к БД","stacktrace":"main.main\n\tE:/GolangProjects/TechnicalTest_RESTAPI/main.go:376\nruntime.main\n\tC:/Go/src/runtime/proc.go:250"}
{"level":"info","ts":"2022-07-18T16:34:36.824+0500","caller":"TechnicalTest_RESTAPI/main.go:390","msg":"Starting server...","stacktrace":"main.main\n\tE:/GolangProjects/TechnicalTest_RESTAPI/main.go:390\nruntime.main\n\tC:/Go/src/runtime/proc.go:250"}
{"level":"info","ts":"2022-07-18T16:50:58.117+0500","caller":"TechnicalTest_RESTAPI/main.go:373","msg":"Успешное подключение к БД","stacktrace":"main.main\n\tE:/GolangProjects/TechnicalTest_RESTAPI/main.go:373\nruntime.main\n\tC:/Go/src/runtime/proc.go:250"}
{"level":"info","ts":"2022-07-18T16:50:58.134+0500","caller":"TechnicalTest_RESTAPI/main.go:387","msg":"Starting server...","stacktrace":"main.main\n\tE:/GolangProjects/TechnicalTest_RESTAPI/main.go:387\nruntime.main\n\tC:/Go/src/runtime/proc.go:250"}
{"level":"info","ts":"2022-07-18T16:54:23.097+0500","caller":"TechnicalTest_RESTAPI/main.go:373","msg":"Успешное подключение к БД","stacktrace":"main.main\n\tE:/GolangProjects/TechnicalTest_RESTAPI/main.go:373\nruntime.main\n\tC:/Go/src/runtime/proc.go:250"}
{"level":"info","ts":"2022-07-18T16:54:23.114+0500","caller":"TechnicalTest_RESTAPI/main.go:387","msg":"Starting server...","stacktrace":"main.main\n\tE:/GolangProjects/TechnicalTest_RESTAPI/main.go:387\nruntime.main\n\tC:/Go/src/runtime/proc.go:250"}
{"level":"info","ts":"2022-07-18T16:55:11.916+0500","caller":"TechnicalTest_RESTAPI/main.go:373","msg":"Успешное подключение к БД","stacktrace":"main.main\n\tE:/GolangProjects/TechnicalTest_RESTAPI/main.go:373\nruntime.main\n\tC:/Go/src/runtime/proc.go:250"}
{"level":"info","ts":"2022-07-18T16:55:11.934+0500","caller":"TechnicalTest_RESTAPI/main.go:387","msg":"Starting server...","stacktrace":"main.main\n\tE:/GolangProjects/TechnicalTest_RESTAPI/main.go:387\nruntime.main\n\tC:/Go/src/runtime/proc.go:250"}
{"level":"info","ts":"2022-07-18T19:34:51.246+0500","caller":"TechnicalTest_RESTAPI/main.go:373","msg":"Успешное подключение к БД","stacktrace":"main.main\n\tE:/GolangProjects/TechnicalTest_RESTAPI/main.go:373\nruntime.main\n\tC:/Go/src/runtime/proc.go:250"}
{"level":"info","ts":"2022-07-18T19:34:51.269+0500","caller":"TechnicalTest_RESTAPI/main.go:387","msg":"Starting server...","stacktrace":"main.main\n\tE:/GolangProjects/TechnicalTest_RESTAPI/main.go:387\nruntime.main\n\tC:/Go/src/runtime/proc.go:250"}
{"level":"info","ts":"2022-07-19T11:38:57.370+0500","caller":"TechnicalTest_RESTAPI/main.go:374","msg":"Успешное подключение к БД","stacktrace":"main.main\n\tE:/GolangProjects/TechnicalTest_RESTAPI/main.go:374\nruntime.main\n\tC:/Go/src/runtime/proc.go:250"}
{"level":"info","ts":"2022-07-19T11:38:57.389+0500","caller":"TechnicalTest_RESTAPI/main.go:388","msg":"Starting server...","stacktrace":"main.main\n\tE:/GolangProjects/TechnicalTest_RESTAPI/main.go:388\nruntime.main\n\tC:/Go/src/runtime/proc.go:250"}
{"level":"info","ts":"2022-07-19T12:26:13.226+0500","caller":"TechnicalTest_RESTAPI/main.go:374","msg":"Успешное подключение к БД","stacktrace":"main.main\n\tE:/GolangProjects/TechnicalTest_RESTAPI/main.go:374\nruntime.main\n\tC:/Go/src/runtime/proc.go:250"}
{"level":"info","ts":"2022-07-19T12:26:13.245+0500","caller":"TechnicalTest_RESTAPI/main.go:390","msg":"Starting server...","stacktrace":"main.main\n\tE:/GolangProjects/TechnicalTest_RESTAPI/main.go:390\nruntime.main\n\tC:/Go/src/runtime/proc.go:250"}
{"level":"info","ts":"2022-07-20T11:51:14.054+0500","caller":"TechnicalTest_RESTAPI/main.go:374","msg":"Успешное подключение к БД","stacktrace":"main.main\n\tE:/GolangProjects/TechnicalTest_RESTAPI/main.go:374\nruntime.main\n\tC:/Go/src/runtime/proc.go:250"}
{"level":"info","ts":"2022-07-20T11:51:14.083+0500","caller":"TechnicalTest_RESTAPI/main.go:390","msg":"Starting httpserver...","stacktrace":"main.main\n\tE:/GolangProjects/TechnicalTest_RESTAPI/main.go:390\nruntime.main\n\tC:/Go/src/runtime/proc.go:250"}
{"level":"fatal","ts":"2022-07-20T12:35:01.988+0500","caller":"TechnicalTest_RESTAPI/main.go:373","msg":"не удалось инициализировать БД","stacktrace":"main.main\n\tE:/GolangProjects/TechnicalTest_RESTAPI/main.go:373\nruntime.main\n\tC:/Go/src/runtime/proc.go:250"}
{"level":"fatal","ts":"2022-07-20T13:02:03.866+0500","caller":"TechnicalTest_RESTAPI/main.go:373","msg":"не удалось инициализировать БД","stacktrace":"main.main\n\tE:/GolangProjects/TechnicalTest_RESTAPI/main.go:373\nruntime.main\n\tC:/Go/src/runtime/proc.go:250"}
{"level":"fatal","ts":"2022-07-20T13:05:57.325+0500","caller":"TechnicalTest_RESTAPI/main.go:373","msg":"не удалось инициализировать БД","stacktrace":"main.main\n\tE:/GolangProjects/TechnicalTest_RESTAPI/main.go:373\nruntime.main\n\tC:/Go/src/runtime/proc.go:250"}
{"level":"info","ts":"2022-07-20T13:24:48.385+0500","caller":"TechnicalTest_RESTAPI/main.go:375","msg":"Успешное подключение к БД","stacktrace":"main.main\n\tE:/GolangProjects/TechnicalTest_RESTAPI/main.go:375\nruntime.main\n\tC:/Go/src/runtime/proc.go:250"}
{"level":"info","ts":"2022-07-20T13:24:48.409+0500","caller":"TechnicalTest_RESTAPI/main.go:391","msg":"Starting httpserver...","stacktrace":"main.main\n\tE:/GolangProjects/TechnicalTest_RESTAPI/main.go:391\nruntime.main\n\tC:/Go/src/runtime/proc.go:250"}
{"level":"info","ts":"2022-07-20T13:26:24.244+0500","caller":"TechnicalTest_RESTAPI/main.go:375","msg":"Успешное подключение к БД","stacktrace":"main.main\n\tE:/GolangProjects/TechnicalTest_RESTAPI/main.go:375\nruntime.main\n\tC:/Go/src/runtime/proc.go:250"}
{"level":"info","ts":"2022-07-20T13:26:24.269+0500","caller":"TechnicalTest_RESTAPI/main.go:390","msg":"Starting httpserver...","stacktrace":"main.main\n\tE:/GolangProjects/TechnicalTest_RESTAPI/main.go:390\nruntime.main\n\tC:/Go/src/runtime/proc.go:250"}
{"level":"info","ts":"2022-07-21T18:04:03.376+0500","caller":"TechnicalTest_RESTAPI/main.go:369","msg":"Успешное подключение к БД","stacktrace":"main.main\n\tE:/GolangProjects/TechnicalTest_RESTAPI/main.go:369\nruntime.main\n\tC:/Go/src/runtime/proc.go:250"}
{"level":"info","ts":"2022-07-21T18:04:03.399+0500","caller":"TechnicalTest_RESTAPI/main.go:402","msg":"Starting httpserver...","stacktrace":"main.main\n\tE:/GolangProjects/TechnicalTest_RESTAPI/main.go:402\nruntime.main\n\tC:/Go/src/runtime/proc.go:250"}
{"level":"info","ts":"2022-07-21T18:05:15.090+0500","caller":"TechnicalTest_RESTAPI/main.go:369","msg":"Успешное подключение к БД","stacktrace":"main.main\n\tE:/GolangProjects/TechnicalTest_RESTAPI/main.go:369\nruntime.main\n\tC:/Go/src/runtime/proc.go:250"}
{"level":"info","ts":"2022-07-21T18:06:03.833+0500","caller":"TechnicalTest_RESTAPI/main.go:402","msg":"Starting httpserver...","stacktrace":"main.main\n\tE:/GolangProjects/TechnicalTest_RESTAPI/main.go:402\nruntime.main\n\tC:/Go/src/runtime/proc.go:250"}
{"level":"fatal","ts":"2022-07-21T18:06:11.395+0500","caller":"TechnicalTest_RESTAPI/main.go:404","msg":"Couldn't start server on port 4057","stacktrace":"main.main\n\tE:/GolangProjects/TechnicalTest_RESTAPI/main.go:404\nruntime.main\n\tC:/Go/src/runtime/proc.go:250"}
{"level":"info","ts":"2022-07-21T18:06:37.315+0500","caller":"TechnicalTest_RESTAPI/main.go:369","msg":"Успешное подключение к БД","stacktrace":"main.main\n\tE:/GolangProjects/TechnicalTest_RESTAPI/main.go:369\nruntime.main\n\tC:/Go/src/runtime/proc.go:250"}
{"level":"info","ts":"2022-07-21T18:06:51.259+0500","caller":"TechnicalTest_RESTAPI/main.go:402","msg":"Starting httpserver...","stacktrace":"main.main\n\tE:/GolangProjects/TechnicalTest_RESTAPI/main.go:402\nruntime.main\n\tC:/Go/src/runtime/proc.go:250"}
{"level":"info","ts":"2022-07-21T18:08:30.736+0500","caller":"TechnicalTest_RESTAPI/main.go:369","msg":"Успешное подключение к БД","stacktrace":"main.main\n\tE:/GolangProjects/TechnicalTest_RESTAPI/main.go:369\nruntime.main\n\tC:/Go/src/runtime/proc.go:250"}
{"level":"info","ts":"2022-07-21T18:08:30.754+0500","caller":"TechnicalTest_RESTAPI/main.go:402","msg":"Starting httpserver...","stacktrace":"main.main\n\tE:/GolangProjects/TechnicalTest_RESTAPI/main.go:402\nruntime.main\n\tC:/Go/src/runtime/proc.go:250"}
{"level":"fatal","ts":"2022-07-21T18:08:30.755+0500","caller":"TechnicalTest_RESTAPI/main.go:404","msg":"Couldn't start server on port 4057","stacktrace":"main.main\n\tE:/GolangProjects/TechnicalTest_RESTAPI/main.go:404\nruntime.main\n\tC:/Go/src/runtime/proc.go:250"}
{"level":"info","ts":"2022-07-21T18:31:07.376+0500","caller":"TechnicalTest_RESTAPI/main.go:369","msg":"Успешное подключение к БД","stacktrace":"main.main\n\tE:/GolangProjects/TechnicalTest_RESTAPI/main.go:369\nruntime.main\n\tC:/Go/src/runtime/proc.go:250"}
{"level":"info","ts":"2022-07-21T18:31:09.670+0500","caller":"TechnicalTest_RESTAPI/main.go:402","msg":"Starting httpserver...","stacktrace":"main.main\n\tE:/GolangProjects/TechnicalTest_RESTAPI/main.go:402\nruntime.main\n\tC:/Go/src/runtime/proc.go:250"}
{"level":"info","ts":"2022-07-21T18:32:17.728+0500","caller":"TechnicalTest_RESTAPI/main.go:369","msg":"Успешное подключение к БД","stacktrace":"main.main\n\tE:/GolangProjects/TechnicalTest_RESTAPI/main.go:369\nruntime.main\n\tC:/Go/src/runtime/proc.go:250"}
{"level":"info","ts":"2022-07-21T18:32:19.269+0500","caller":"TechnicalTest_RESTAPI/main.go:402","msg":"Starting httpserver...","stacktrace":"main.main\n\tE:/GolangProjects/TechnicalTest_RESTAPI/main.go:402\nruntime.main\n\tC:/Go/src/runtime/proc.go:250"}
{"level":"info","ts":"2022-07-21T18:49:20.162+0500","caller":"TechnicalTest_RESTAPI/main.go:369","msg":"Успешное подключение к БД","stacktrace":"main.main\n\tE:/GolangProjects/TechnicalTest_RESTAPI/main.go:369\nruntime.main\n\tC:/Go/src/runtime/proc.go:250"}
{"level":"info","ts":"2022-07-21T18:49:22.687+0500","caller":"TechnicalTest_RESTAPI/main.go:402","msg":"Starting httpserver...","stacktrace":"main.main\n\tE:/GolangProjects/TechnicalTest_RESTAPI/main.go:402\nruntime.main\n\tC:/Go/src/runtime/proc.go:250"}
{"level":"info","ts":"2022-07-21T18:53:51.918+0500","caller":"TechnicalTest_RESTAPI/main.go:369","msg":"Успешное подключение к БД","stacktrace":"main.main\n\tE:/GolangProjects/TechnicalTest_RESTAPI/main.go:369\nruntime.main\n\tC:/Go/src/runtime/proc.go:250"}
{"level":"info","ts":"2022-07-21T18:53:53.605+0500","caller":"TechnicalTest_RESTAPI/main.go:402","msg":"Starting httpserver...","stacktrace":"main.main\n\tE:/GolangProjects/TechnicalTest_RESTAPI/main.go:402\nruntime.main\n\tC:/Go/src/runtime/proc.go:250"}
{"level":"info","ts":"2022-07-21T18:54:57.333+0500","caller":"TechnicalTest_RESTAPI/main.go:369","msg":"Успешное подключение к БД","stacktrace":"main.main\n\tE:/GolangProjects/TechnicalTest_RESTAPI/main.go:369\nruntime.main\n\tC:/Go/src/runtime/proc.go:250"}
{"level":"info","ts":"2022-07-21T18:54:58.973+0500","caller":"TechnicalTest_RESTAPI/main.go:402","msg":"Starting httpserver...","stacktrace":"main.main\n\tE:/GolangProjects/TechnicalTest_RESTAPI/main.go:402\nruntime.main\n\tC:/Go/src/runtime/proc.go:250"}
{"level":"info","ts":"2022-07-21T19:15:10.536+0500","caller":"TechnicalTest_RESTAPI/main.go:369","msg":"Успешное подключение к БД","stacktrace":"main.main\n\tE:/GolangProjects/TechnicalTest_RESTAPI/main.go:369\nruntime.main\n\tC:/Go/src/runtime/proc.go:250"}
{"level":"info","ts":"2022-07-21T19:15:12.509+0500","caller":"TechnicalTest_RESTAPI/main.go:402","msg":"Starting httpserver...","stacktrace":"main.main\n\tE:/GolangProjects/TechnicalTest_RESTAPI/main.go:402\nruntime.main\n\tC:/Go/src/runtime/proc.go:250"}
{"level":"info","ts":"2022-07-21T19:18:34.399+0500","caller":"TechnicalTest_RESTAPI/main.go:369","msg":"Успешное подключение к БД","stacktrace":"main.main\n\tE:/GolangProjects/TechnicalTest_RESTAPI/main.go:369\nruntime.main\n\tC:/Go/src/runtime/proc.go:250"}
{"level":"info","ts":"2022-07-21T19:18:35.995+0500","caller":"TechnicalTest_RESTAPI/main.go:402","msg":"Starting httpserver...","stacktrace":"main.main\n\tE:/GolangProjects/TechnicalTest_RESTAPI/main.go:402\nruntime.main\n\tC:/Go/src/runtime/proc.go:250"}
{"level":"info","ts":"2022-07-21T19:23:54.286+0500","caller":"TechnicalTest_RESTAPI/main.go:369","msg":"Успешное подключение к БД","stacktrace":"main.main\n\tE:/GolangProjects/TechnicalTest_RESTAPI/main.go:369\nruntime.main\n\tC:/Go/src/runtime/proc.go:250"}
{"level":"info","ts":"2022-07-21T19:23:56.242+0500","caller":"TechnicalTest_RESTAPI/main.go:402","msg":"Starting httpserver...","stacktrace":"main.main\n\tE:/GolangProjects/TechnicalTest_RESTAPI/main.go:402\nruntime.main\n\tC:/Go/src/runtime/proc.go:250"}
{"level":"info","ts":"2022-07-21T19:26:19.766+0500","caller":"TechnicalTest_RESTAPI/main.go:369","msg":"Успешное подключение к БД","stacktrace":"main.main\n\tE:/GolangProjects/TechnicalTest_RESTAPI/main.go:369\nruntime.main\n\tC:/Go/src/runtime/proc.go:250"}
{"level":"info","ts":"2022-07-21T19:26:21.736+0500","caller":"TechnicalTest_RESTAPI/main.go:402","msg":"Starting httpserver...","stacktrace":"main.main\n\tE:/GolangProjects/TechnicalTest_RESTAPI/main.go:402\nruntime.main\n\tC:/Go/src/runtime/proc.go:250"}
{"level":"info","ts":"2022-07-21T19:30:24.522+0500","caller":"TechnicalTest_RESTAPI/main.go:369","msg":"Успешное подключение к БД","stacktrace":"main.main\n\tE:/GolangProjects/TechnicalTest_RESTAPI/main.go:369\nruntime.main\n\tC:/Go/src/runtime/proc.go:250"}
{"level":"info","ts":"2022-07-21T19:30:25.993+0500","caller":"TechnicalTest_RESTAPI/main.go:402","msg":"Starting httpserver...","stacktrace":"main.main\n\tE:/GolangProjects/TechnicalTest_RESTAPI/main.go:402\nruntime.main\n\tC:/Go/src/runtime/proc.go:250"}
{"level":"info","ts":"2022-07-21T19:34:07.353+0500","caller":"TechnicalTest_RESTAPI/main.go:369","msg":"Успешное подключение к БД","stacktrace":"main.main\n\tE:/GolangProjects/TechnicalTest_RESTAPI/main.go:369\nruntime.main\n\tC:/Go/src/runtime/proc.go:250"}
{"level":"info","ts":"2022-07-21T19:34:08.437+0500","caller":"TechnicalTest_RESTAPI/main.go:402","msg":"Starting httpserver...","stacktrace":"main.main\n\tE:/GolangProjects/TechnicalTest_RESTAPI/main.go:402\nruntime.main\n\tC:/Go/src/runtime/proc.go:250"}
{"level":"info","ts":"2022-07-21T19:36:43.186+0500","caller":"TechnicalTest_RESTAPI/main.go:369","msg":"Успешное подключение к БД","stacktrace":"main.main\n\tE:/GolangProjects/TechnicalTest_RESTAPI/main.go:369\nruntime.main\n\tC:/Go/src/runtime/proc.go:250"}
{"level":"info","ts":"2022-07-21T19:36:44.498+0500","caller":"TechnicalTest_RESTAPI/main.go:402","msg":"Starting httpserver...","stacktrace":"main.main\n\tE:/GolangProjects/TechnicalTest_RESTAPI/main.go:402\nruntime.main\n\tC:/Go/src/runtime/proc.go:250"}
{"level":"info","ts":"2022-07-21T19:37:58.950+0500","caller":"TechnicalTest_RESTAPI/main.go:369","msg":"Успешное подключение к БД","stacktrace":"main.main\n\tE:/GolangProjects/TechnicalTest_RESTAPI/main.go:369\nruntime.main\n\tC:/Go/src/runtime/proc.go:250"}
{"level":"info","ts":"2022-07-21T19:37:59.875+0500","caller":"TechnicalTest_RESTAPI/main.go:402","msg":"Starting httpserver...","stacktrace":"main.main\n\tE:/GolangProjects/TechnicalTest_RESTAPI/main.go:402\nruntime.main\n\tC:/Go/src/runtime/proc.go:250"}
{"level":"info","ts":"2022-07-21T19:39:00.851+0500","caller":"TechnicalTest_RESTAPI/main.go:369","msg":"Успешное подключение к БД","stacktrace":"main.main\n\tE:/GolangProjects/TechnicalTest_RESTAPI/main.go:369\nruntime.main\n\tC:/Go/src/runtime/proc.go:250"}
{"level":"info","ts":"2022-07-21T19:39:02.550+0500","caller":"TechnicalTest_RESTAPI/main.go:402","msg":"Starting httpserver...","stacktrace":"main.main\n\tE:/GolangProjects/TechnicalTest_RESTAPI/main.go:402\nruntime.main\n\tC:/Go/src/runtime/proc.go:250"}
{"level":"info","ts":"2022-07-21T19:50:40.212+0500","caller":"TechnicalTest_RESTAPI/main.go:369","msg":"Успешное подключение к БД","stacktrace":"main.main\n\tE:/GolangProjects/TechnicalTest_RESTAPI/main.go:369\nruntime.main\n\tC:/Go/src/runtime/proc.go:250"}
{"level":"info","ts":"2022-07-21T19:50:41.845+0500","caller":"TechnicalTest_RESTAPI/main.go:402","msg":"Starting httpserver...","stacktrace":"main.main\n\tE:/GolangProjects/TechnicalTest_RESTAPI/main.go:402\nruntime.main\n\tC:/Go/src/runtime/proc.go:250"}
{"level":"info","ts":"2022-07-21T20:57:34.556+0500","caller":"TechnicalTest_RESTAPI/main.go:369","msg":"Успешное подключение к БД","stacktrace":"main.main\n\tE:/GolangProjects/TechnicalTest_RESTAPI/main.go:369\nruntime.main\n\tC:/Go/src/runtime/proc.go:250"}
{"level":"info","ts":"2022-07-21T20:57:36.853+0500","caller":"TechnicalTest_RESTAPI/main.go:402","msg":"Starting httpserver...","stacktrace":"main.main\n\tE:/GolangProjects/TechnicalTest_RESTAPI/main.go:402\nruntime.main\n\tC:/Go/src/runtime/proc.go:250"}
{"level":"info","ts":"2022-07-21T21:02:53.003+0500","caller":"TechnicalTest_RESTAPI/main.go:369","msg":"Успешное подключение к БД","stacktrace":"main.main\n\tE:/GolangProjects/TechnicalTest_RESTAPI/main.go:369\nruntime.main\n\tC:/Go/src/runtime/proc.go:250"}
{"level":"info","ts":"2022-07-21T21:03:54.389+0500","caller":"TechnicalTest_RESTAPI/main.go:369","msg":"Успешное подключение к БД","stacktrace":"main.main\n\tE:/GolangProjects/TechnicalTest_RESTAPI/main.go:369\nruntime.main\n\tC:/Go/src/runtime/proc.go:250"}
{"level":"info","ts":"2022-07-21T21:03:56.928+0500","caller":"TechnicalTest_RESTAPI/main.go:402","msg":"Starting httpserver...","stacktrace":"main.main\n\tE:/GolangProjects/TechnicalTest_RESTAPI/main.go:402\nruntime.main\n\tC:/Go/src/runtime/proc.go:250"}
{"level":"info","ts":"2022-07-21T21:06:15.570+0500","caller":"TechnicalTest_RESTAPI/main.go:369","msg":"Успешное подключение к БД","stacktrace":"main.main\n\tE:/GolangProjects/TechnicalTest_RESTAPI/main.go:369\nruntime.main\n\tC:/Go/src/runtime/proc.go:250"}
{"level":"info","ts":"2022-07-21T21:06:17.031+0500","caller":"TechnicalTest_RESTAPI/main.go:402","msg":"Starting httpserver...","stacktrace":"main.main\n\tE:/GolangProjects/TechnicalTest_RESTAPI/main.go:402\nruntime.main\n\tC:/Go/src/runtime/proc.go:250"}
{"level":"info","ts":"2022-07-21T21:31:24.274+0500","caller":"TechnicalTest_RESTAPI/main.go:198","msg":"Успешное подключение к БД","stacktrace":"main.main\n\tE:/GolangProjects/TechnicalTest_RESTAPI/main.go:198\nruntime.main\n\tC:/Go/src/runtime/proc.go:250"}
{"level":"info","ts":"2022-07-21T21:31:24.296+0500","caller":"TechnicalTest_RESTAPI/main.go:231","msg":"Starting httpserver...","stacktrace":"main.main\n\tE:/GolangProjects/TechnicalTest_RESTAPI/main.go:231\nruntime.main\n\tC:/Go/src/runtime/proc.go:250"}
